{"/Users/alejandrobean/Documents/vidchain-login-provider/src/did-auth/src/DIDAuth.ts": {"path":"/Users/alejandrobean/Documents/vidchain-login-provider/src/did-auth/src/DIDAuth.ts","statementMap":{"0":{"start":{"line":5,"column":0},"end":{"line":5,"column":null}},"1":{"start":{"line":6,"column":2},"end":{"line":6,"column":null}},"2":{"start":{"line":9,"column":0},"end":{"line":9,"column":null}},"3":{"start":{"line":10,"column":2},"end":{"line":10,"column":null}},"4":{"start":{"line":13,"column":0},"end":{"line":13,"column":null}},"5":{"start":{"line":14,"column":2},"end":{"line":14,"column":null}},"6":{"start":{"line":15,"column":2},"end":{"line":15,"column":null}},"7":{"start":{"line":18,"column":0},"end":{"line":18,"column":null}},"8":{"start":{"line":19,"column":2},"end":{"line":19,"column":null}},"9":{"start":{"line":22,"column":0},"end":{"line":22,"column":null}},"10":{"start":{"line":23,"column":2},"end":{"line":23,"column":null}},"11":{"start":{"line":26,"column":0},"end":{"line":26,"column":null}},"12":{"start":{"line":27,"column":2},"end":{"line":27,"column":null}},"13":{"start":{"line":30,"column":13},"end":{"line":30,"column":37}}},"fnMap":{"0":{"name":"(anonymous_0)","decl":{"start":{"line":5,"column":0},"end":{"line":5,"column":12}},"loc":{"start":{"line":5,"column":28},"end":{"line":7,"column":1}}},"1":{"name":"(anonymous_1)","decl":{"start":{"line":9,"column":0},"end":{"line":9,"column":12}},"loc":{"start":{"line":9,"column":29},"end":{"line":11,"column":1}}},"2":{"name":"(anonymous_2)","decl":{"start":{"line":13,"column":0},"end":{"line":13,"column":12}},"loc":{"start":{"line":13,"column":28},"end":{"line":16,"column":1}}},"3":{"name":"(anonymous_3)","decl":{"start":{"line":18,"column":0},"end":{"line":18,"column":12}},"loc":{"start":{"line":18,"column":23},"end":{"line":20,"column":1}}},"4":{"name":"(anonymous_4)","decl":{"start":{"line":22,"column":0},"end":{"line":22,"column":12}},"loc":{"start":{"line":22,"column":30},"end":{"line":24,"column":1}}},"5":{"name":"(anonymous_5)","decl":{"start":{"line":26,"column":0},"end":{"line":26,"column":12}},"loc":{"start":{"line":26,"column":32},"end":{"line":28,"column":1}}}},"branchMap":{"0":{"loc":{"start":{"line":5,"column":12},"end":{"line":5,"column":28}},"type":"binary-expr","locations":[{"start":{"line":5,"column":12},"end":{"line":5,"column":28}},{"start":{"line":5,"column":12},"end":{"line":5,"column":null}}]},"1":{"loc":{"start":{"line":9,"column":12},"end":{"line":9,"column":29}},"type":"binary-expr","locations":[{"start":{"line":9,"column":12},"end":{"line":9,"column":29}},{"start":{"line":9,"column":12},"end":{"line":9,"column":null}}]},"2":{"loc":{"start":{"line":13,"column":12},"end":{"line":13,"column":28}},"type":"binary-expr","locations":[{"start":{"line":13,"column":12},"end":{"line":13,"column":28}},{"start":{"line":13,"column":12},"end":{"line":13,"column":null}}]},"3":{"loc":{"start":{"line":18,"column":12},"end":{"line":18,"column":23}},"type":"binary-expr","locations":[{"start":{"line":18,"column":12},"end":{"line":18,"column":23}},{"start":{"line":18,"column":12},"end":{"line":18,"column":null}}]},"4":{"loc":{"start":{"line":22,"column":12},"end":{"line":22,"column":30}},"type":"binary-expr","locations":[{"start":{"line":22,"column":12},"end":{"line":22,"column":30}},{"start":{"line":22,"column":12},"end":{"line":22,"column":null}}]},"5":{"loc":{"start":{"line":26,"column":12},"end":{"line":26,"column":32}},"type":"binary-expr","locations":[{"start":{"line":26,"column":12},"end":{"line":26,"column":32}},{"start":{"line":26,"column":12},"end":{"line":26,"column":null}}]}},"s":{"0":2,"1":2,"2":2,"3":2,"4":2,"5":2,"6":2,"7":2,"8":2,"9":2,"10":2,"11":2,"12":2,"13":2},"f":{"0":2,"1":2,"2":2,"3":2,"4":2,"5":2},"b":{"0":[2,2],"1":[2,2],"2":[2,2],"3":[2,2],"4":[2,2],"5":[2,2]}}
,"/Users/alejandrobean/Documents/vidchain-login-provider/src/did-auth/src/EBSIDIDAuth.ts": {"path":"/Users/alejandrobean/Documents/vidchain-login-provider/src/did-auth/src/EBSIDIDAuth.ts","statementMap":{"0":{"start":{"line":1,"column":0},"end":{"line":1,"column":72}},"1":{"start":{"line":2,"column":0},"end":{"line":2,"column":40}},"2":{"start":{"line":3,"column":0},"end":{"line":3,"column":36}},"3":{"start":{"line":4,"column":0},"end":{"line":4,"column":null}},"4":{"start":{"line":18,"column":0},"end":{"line":18,"column":38}},"5":{"start":{"line":19,"column":0},"end":{"line":19,"column":null}},"6":{"start":{"line":29,"column":24},"end":{"line":29,"column":52}},"7":{"start":{"line":39,"column":4},"end":{"line":40,"column":49}},"8":{"start":{"line":40,"column":6},"end":{"line":40,"column":49}},"9":{"start":{"line":41,"column":27},"end":{"line":42,"column":null}},"10":{"start":{"line":44,"column":24},"end":{"line":44,"column":176}},"11":{"start":{"line":46,"column":4},"end":{"line":46,"column":44}},"12":{"start":{"line":56,"column":4},"end":{"line":57,"column":49}},"13":{"start":{"line":57,"column":6},"end":{"line":57,"column":49}},"14":{"start":{"line":58,"column":4},"end":{"line":59,"column":62}},"15":{"start":{"line":59,"column":6},"end":{"line":59,"column":62}},"16":{"start":{"line":60,"column":4},"end":{"line":61,"column":59}},"17":{"start":{"line":61,"column":6},"end":{"line":61,"column":59}},"18":{"start":{"line":63,"column":43},"end":{"line":64,"column":null}},"19":{"start":{"line":66,"column":4},"end":{"line":66,"column":25}},"20":{"start":{"line":68,"column":16},"end":{"line":71,"column":null}},"21":{"start":{"line":73,"column":4},"end":{"line":73,"column":41}},"22":{"start":{"line":88,"column":38},"end":{"line":96,"column":6}},"23":{"start":{"line":97,"column":37},"end":{"line":97,"column":73}},"24":{"start":{"line":98,"column":4},"end":{"line":99,"column":60}},"25":{"start":{"line":99,"column":6},"end":{"line":99,"column":60}},"26":{"start":{"line":100,"column":4},"end":{"line":100,"column":31}},"27":{"start":{"line":110,"column":4},"end":{"line":117,"column":49}},"28":{"start":{"line":117,"column":6},"end":{"line":117,"column":49}},"29":{"start":{"line":119,"column":44},"end":{"line":120,"column":null}},"30":{"start":{"line":123,"column":16},"end":{"line":126,"column":null}},"31":{"start":{"line":128,"column":4},"end":{"line":128,"column":15}},"32":{"start":{"line":142,"column":17},"end":{"line":144,"column":6}},"33":{"start":{"line":145,"column":4},"end":{"line":151,"column":null}},"34":{"start":{"line":146,"column":23},"end":{"line":146,"column":77}},"35":{"start":{"line":147,"column":6},"end":{"line":148,"column":62}},"36":{"start":{"line":148,"column":8},"end":{"line":148,"column":62}},"37":{"start":{"line":150,"column":6},"end":{"line":150,"column":60}},"38":{"start":{"line":153,"column":24},"end":{"line":153,"column":45}},"39":{"start":{"line":154,"column":4},"end":{"line":155,"column":57}},"40":{"start":{"line":155,"column":6},"end":{"line":155,"column":57}},"41":{"start":{"line":157,"column":4},"end":{"line":159,"column":6}},"42":{"start":{"line":165,"column":24},"end":{"line":165,"column":51}},"43":{"start":{"line":166,"column":4},"end":{"line":172,"column":6}},"44":{"start":{"line":178,"column":4},"end":{"line":184,"column":6}},"45":{"start":{"line":193,"column":30},"end":{"line":197,"column":6}},"46":{"start":{"line":198,"column":21},"end":{"line":206,"column":null}},"47":{"start":{"line":208,"column":4},"end":{"line":208,"column":20}},"48":{"start":{"line":216,"column":4},"end":{"line":216,"column":30}},"49":{"start":{"line":217,"column":17},"end":{"line":222,"column":6}},"50":{"start":{"line":223,"column":21},"end":{"line":223,"column":78}},"51":{"start":{"line":224,"column":4},"end":{"line":224,"column":33}},"52":{"start":{"line":225,"column":4},"end":{"line":225,"column":31}},"53":{"start":{"line":226,"column":4},"end":{"line":233,"column":67}},"54":{"start":{"line":233,"column":6},"end":{"line":233,"column":67}},"55":{"start":{"line":235,"column":4},"end":{"line":235,"column":29}},"56":{"start":{"line":239,"column":21},"end":{"line":239,"column":61}},"57":{"start":{"line":240,"column":4},"end":{"line":246,"column":6}},"58":{"start":{"line":250,"column":16},"end":{"line":250,"column":42}},"59":{"start":{"line":251,"column":19},"end":{"line":256,"column":6}},"60":{"start":{"line":257,"column":23},"end":{"line":258,"column":null}},"61":{"start":{"line":260,"column":4},"end":{"line":260,"column":22}},"62":{"start":{"line":264,"column":24},"end":{"line":264,"column":38}},"63":{"start":{"line":265,"column":4},"end":{"line":265,"column":62}},"64":{"start":{"line":265,"column":18},"end":{"line":265,"column":62}},"65":{"start":{"line":266,"column":4},"end":{"line":266,"column":39}},"66":{"start":{"line":266,"column":22},"end":{"line":266,"column":39}},"67":{"start":{"line":267,"column":4},"end":{"line":268,"column":55}},"68":{"start":{"line":268,"column":6},"end":{"line":268,"column":55}},"69":{"start":{"line":269,"column":4},"end":{"line":269,"column":23}},"70":{"start":{"line":31,"column":0},"end":{"line":31,"column":21}}},"fnMap":{"0":{"name":"(anonymous_1)","decl":{"start":{"line":36,"column":2},"end":{"line":36,"column":8}},"loc":{"start":{"line":37,"column":42},"end":{"line":47,"column":3}}},"1":{"name":"(anonymous_2)","decl":{"start":{"line":53,"column":2},"end":{"line":53,"column":8}},"loc":{"start":{"line":54,"column":42},"end":{"line":74,"column":3}}},"2":{"name":"(anonymous_3)","decl":{"start":{"line":82,"column":2},"end":{"line":82,"column":8}},"loc":{"start":{"line":85,"column":18},"end":{"line":101,"column":3}}},"3":{"name":"(anonymous_4)","decl":{"start":{"line":107,"column":2},"end":{"line":107,"column":8}},"loc":{"start":{"line":108,"column":44},"end":{"line":129,"column":3}}},"4":{"name":"(anonymous_5)","decl":{"start":{"line":136,"column":2},"end":{"line":136,"column":8}},"loc":{"start":{"line":140,"column":17},"end":{"line":160,"column":3}}},"5":{"name":"(anonymous_6)","decl":{"start":{"line":162,"column":10},"end":{"line":162,"column":16}},"loc":{"start":{"line":163,"column":29},"end":{"line":173,"column":3}}},"6":{"name":"(anonymous_7)","decl":{"start":{"line":175,"column":10},"end":{"line":175,"column":16}},"loc":{"start":{"line":176,"column":30},"end":{"line":185,"column":3}}},"7":{"name":"(anonymous_8)","decl":{"start":{"line":187,"column":2},"end":{"line":187,"column":8}},"loc":{"start":{"line":190,"column":25},"end":{"line":209,"column":3}}},"8":{"name":"(anonymous_9)","decl":{"start":{"line":211,"column":2},"end":{"line":211,"column":8}},"loc":{"start":{"line":214,"column":22},"end":{"line":236,"column":3}}},"9":{"name":"(anonymous_10)","decl":{"start":{"line":238,"column":10},"end":{"line":238,"column":16}},"loc":{"start":{"line":238,"column":59},"end":{"line":247,"column":3}}},"10":{"name":"(anonymous_11)","decl":{"start":{"line":249,"column":10},"end":{"line":249,"column":16}},"loc":{"start":{"line":249,"column":52},"end":{"line":261,"column":3}}},"11":{"name":"(anonymous_12)","decl":{"start":{"line":263,"column":2},"end":{"line":263,"column":8}},"loc":{"start":{"line":263,"column":32},"end":{"line":270,"column":3}}}},"branchMap":{"0":{"loc":{"start":{"line":39,"column":4},"end":{"line":40,"column":49}},"type":"if","locations":[{"start":{"line":39,"column":4},"end":{"line":40,"column":49}},{"start":{"line":39,"column":4},"end":{"line":40,"column":49}}]},"1":{"loc":{"start":{"line":39,"column":8},"end":{"line":39,"column":27}},"type":"binary-expr","locations":[{"start":{"line":39,"column":8},"end":{"line":39,"column":27}},{"start":{"line":39,"column":31},"end":{"line":39,"column":62}}]},"2":{"loc":{"start":{"line":56,"column":4},"end":{"line":57,"column":49}},"type":"if","locations":[{"start":{"line":56,"column":4},"end":{"line":57,"column":49}},{"start":{"line":56,"column":4},"end":{"line":57,"column":49}}]},"3":{"loc":{"start":{"line":56,"column":8},"end":{"line":56,"column":27}},"type":"binary-expr","locations":[{"start":{"line":56,"column":8},"end":{"line":56,"column":27}},{"start":{"line":56,"column":31},"end":{"line":56,"column":62}}]},"4":{"loc":{"start":{"line":58,"column":4},"end":{"line":59,"column":62}},"type":"if","locations":[{"start":{"line":58,"column":4},"end":{"line":59,"column":62}},{"start":{"line":58,"column":4},"end":{"line":59,"column":62}}]},"5":{"loc":{"start":{"line":60,"column":4},"end":{"line":61,"column":59}},"type":"if","locations":[{"start":{"line":60,"column":4},"end":{"line":61,"column":59}},{"start":{"line":60,"column":4},"end":{"line":61,"column":59}}]},"6":{"loc":{"start":{"line":98,"column":4},"end":{"line":99,"column":60}},"type":"if","locations":[{"start":{"line":98,"column":4},"end":{"line":99,"column":60}},{"start":{"line":98,"column":4},"end":{"line":99,"column":60}}]},"7":{"loc":{"start":{"line":98,"column":8},"end":{"line":98,"column":20}},"type":"binary-expr","locations":[{"start":{"line":98,"column":8},"end":{"line":98,"column":20}},{"start":{"line":98,"column":24},"end":{"line":98,"column":44}}]},"8":{"loc":{"start":{"line":110,"column":4},"end":{"line":117,"column":49}},"type":"if","locations":[{"start":{"line":110,"column":4},"end":{"line":117,"column":49}},{"start":{"line":110,"column":4},"end":{"line":117,"column":49}}]},"9":{"loc":{"start":{"line":111,"column":6},"end":{"line":111,"column":26}},"type":"binary-expr","locations":[{"start":{"line":111,"column":6},"end":{"line":111,"column":26}},{"start":{"line":112,"column":6},"end":{"line":112,"column":40}},{"start":{"line":113,"column":6},"end":{"line":113,"column":30}},{"start":{"line":114,"column":6},"end":{"line":114,"column":32}},{"start":{"line":115,"column":6},"end":{"line":115,"column":38}}]},"10":{"loc":{"start":{"line":147,"column":6},"end":{"line":148,"column":62}},"type":"if","locations":[{"start":{"line":147,"column":6},"end":{"line":148,"column":62}},{"start":{"line":147,"column":6},"end":{"line":148,"column":62}}]},"11":{"loc":{"start":{"line":147,"column":10},"end":{"line":147,"column":19}},"type":"binary-expr","locations":[{"start":{"line":147,"column":10},"end":{"line":147,"column":19}},{"start":{"line":147,"column":23},"end":{"line":147,"column":39}},{"start":{"line":147,"column":43},"end":{"line":147,"column":66}}]},"12":{"loc":{"start":{"line":154,"column":4},"end":{"line":155,"column":57}},"type":"if","locations":[{"start":{"line":154,"column":4},"end":{"line":155,"column":57}},{"start":{"line":154,"column":4},"end":{"line":155,"column":57}}]},"13":{"loc":{"start":{"line":226,"column":4},"end":{"line":233,"column":67}},"type":"if","locations":[{"start":{"line":226,"column":4},"end":{"line":233,"column":67}},{"start":{"line":226,"column":4},"end":{"line":233,"column":67}}]},"14":{"loc":{"start":{"line":227,"column":6},"end":{"line":227,"column":15}},"type":"binary-expr","locations":[{"start":{"line":227,"column":6},"end":{"line":227,"column":15}},{"start":{"line":228,"column":6},"end":{"line":228,"column":22}},{"start":{"line":229,"column":6},"end":{"line":229,"column":29}},{"start":{"line":230,"column":6},"end":{"line":230,"column":20}},{"start":{"line":231,"column":6},"end":{"line":231,"column":24}}]},"15":{"loc":{"start":{"line":265,"column":4},"end":{"line":265,"column":62}},"type":"if","locations":[{"start":{"line":265,"column":4},"end":{"line":265,"column":62}},{"start":{"line":265,"column":4},"end":{"line":265,"column":62}}]},"16":{"loc":{"start":{"line":266,"column":4},"end":{"line":266,"column":39}},"type":"if","locations":[{"start":{"line":266,"column":4},"end":{"line":266,"column":39}},{"start":{"line":266,"column":4},"end":{"line":266,"column":39}}]},"17":{"loc":{"start":{"line":267,"column":4},"end":{"line":268,"column":55}},"type":"if","locations":[{"start":{"line":267,"column":4},"end":{"line":268,"column":55}},{"start":{"line":267,"column":4},"end":{"line":268,"column":55}}]}},"s":{"0":2,"1":2,"2":2,"3":2,"4":2,"5":2,"6":2,"7":3,"8":2,"9":1,"10":1,"11":1,"12":7,"13":1,"14":6,"15":1,"16":5,"17":1,"18":4,"19":4,"20":4,"21":3,"22":5,"23":3,"24":2,"25":1,"26":1,"27":6,"28":1,"29":5,"30":5,"31":5,"32":4,"33":4,"34":4,"35":3,"36":1,"37":2,"38":2,"39":2,"40":1,"41":1,"42":4,"43":4,"44":5,"45":5,"46":5,"47":5,"48":4,"49":4,"50":4,"51":4,"52":4,"53":4,"54":1,"55":3,"56":10,"57":10,"58":5,"59":5,"60":5,"61":5,"62":5,"63":5,"64":1,"65":4,"66":2,"67":2,"68":1,"69":1,"70":2},"f":{"0":3,"1":7,"2":5,"3":6,"4":4,"5":4,"6":5,"7":5,"8":4,"9":10,"10":5,"11":5},"b":{"0":[2,1],"1":[3,2],"2":[1,6],"3":[7,7],"4":[1,5],"5":[1,4],"6":[1,1],"7":[2,1],"8":[1,5],"9":[6,6,5,5,5],"10":[1,2],"11":[3,3,3],"12":[1,1],"13":[1,3],"14":[4,4,4,3,3],"15":[1,4],"16":[2,2],"17":[1,1]}}
,"/Users/alejandrobean/Documents/vidchain-login-provider/src/did-auth/src/Errors.ts": {"path":"/Users/alejandrobean/Documents/vidchain-login-provider/src/did-auth/src/Errors.ts","statementMap":{"0":{"start":{"line":1,"column":0},"end":{"line":1,"column":null}},"1":{"start":{"line":2,"column":2},"end":{"line":2,"column":null}},"2":{"start":{"line":3,"column":2},"end":{"line":3,"column":null}},"3":{"start":{"line":4,"column":2},"end":{"line":4,"column":null}},"4":{"start":{"line":5,"column":2},"end":{"line":5,"column":null}},"5":{"start":{"line":6,"column":2},"end":{"line":6,"column":null}},"6":{"start":{"line":7,"column":2},"end":{"line":7,"column":null}},"7":{"start":{"line":8,"column":2},"end":{"line":8,"column":null}},"8":{"start":{"line":9,"column":2},"end":{"line":9,"column":null}},"9":{"start":{"line":10,"column":2},"end":{"line":10,"column":null}},"10":{"start":{"line":11,"column":2},"end":{"line":11,"column":null}},"11":{"start":{"line":14,"column":0},"end":{"line":14,"column":30}}},"fnMap":{"0":{"name":"(anonymous_0)","decl":{"start":{"line":1,"column":0},"end":{"line":1,"column":5}},"loc":{"start":{"line":1,"column":19},"end":{"line":12,"column":1}}}},"branchMap":{"0":{"loc":{"start":{"line":1,"column":5},"end":{"line":1,"column":19}},"type":"binary-expr","locations":[{"start":{"line":1,"column":5},"end":{"line":1,"column":19}},{"start":{"line":1,"column":5},"end":{"line":1,"column":null}}]}},"s":{"0":2,"1":2,"2":2,"3":2,"4":2,"5":2,"6":2,"7":2,"8":2,"9":2,"10":2,"11":2},"f":{"0":2},"b":{"0":[2,2]}}
,"/Users/alejandrobean/Documents/vidchain-login-provider/src/did-auth/src/index.ts": {"path":"/Users/alejandrobean/Documents/vidchain-login-provider/src/did-auth/src/index.ts","statementMap":{"0":{"start":{"line":1,"column":0},"end":{"line":1,"column":7}},"1":{"start":{"line":21,"column":9},"end":{"line":1,"column":40}},"2":{"start":{"line":2,"column":0},"end":{"line":2,"column":7}},"3":{"start":{"line":21,"column":22},"end":{"line":2,"column":38}},"4":{"start":{"line":4,"column":0},"end":{"line":4,"column":null}},"5":{"start":{"line":9,"column":2},"end":{"line":9,"column":null}},"6":{"start":{"line":10,"column":2},"end":{"line":10,"column":null}},"7":{"start":{"line":11,"column":2},"end":{"line":11,"column":null}},"8":{"start":{"line":12,"column":2},"end":{"line":12,"column":null}},"9":{"start":{"line":13,"column":2},"end":{"line":13,"column":null}},"10":{"start":{"line":14,"column":2},"end":{"line":14,"column":null}},"11":{"start":{"line":19,"column":0},"end":{"line":19,"column":9}},"12":{"start":{"line":19,"column":9},"end":{"line":19,"column":27}},"13":{"start":{"line":19,"column":27},"end":{"line":19,"column":42}},"14":{"start":{"line":19,"column":42},"end":{"line":19,"column":72}}},"fnMap":{"0":{"name":"(anonymous_1)","decl":{"start":{"line":9,"column":2},"end":{"line":9,"column":18}},"loc":{"start":{"line":9,"column":2},"end":{"line":9,"column":null}}},"1":{"name":"(anonymous_2)","decl":{"start":{"line":10,"column":2},"end":{"line":10,"column":19}},"loc":{"start":{"line":10,"column":2},"end":{"line":10,"column":null}}},"2":{"name":"(anonymous_3)","decl":{"start":{"line":11,"column":2},"end":{"line":11,"column":18}},"loc":{"start":{"line":11,"column":2},"end":{"line":11,"column":null}}},"3":{"name":"(anonymous_4)","decl":{"start":{"line":12,"column":2},"end":{"line":12,"column":13}},"loc":{"start":{"line":12,"column":2},"end":{"line":12,"column":null}}},"4":{"name":"(anonymous_5)","decl":{"start":{"line":13,"column":2},"end":{"line":13,"column":20}},"loc":{"start":{"line":13,"column":2},"end":{"line":13,"column":null}}},"5":{"name":"(anonymous_6)","decl":{"start":{"line":14,"column":2},"end":{"line":14,"column":22}},"loc":{"start":{"line":14,"column":2},"end":{"line":14,"column":null}}},"6":{"name":"(anonymous_7)","decl":{"start":{"line":19,"column":9},"end":{"line":19,"column":25}},"loc":{"start":{"line":19,"column":9},"end":{"line":19,"column":27}}},"7":{"name":"(anonymous_8)","decl":{"start":{"line":19,"column":27},"end":{"line":19,"column":40}},"loc":{"start":{"line":19,"column":27},"end":{"line":19,"column":42}}},"8":{"name":"(anonymous_9)","decl":{"start":{"line":19,"column":42},"end":{"line":19,"column":50}},"loc":{"start":{"line":19,"column":42},"end":{"line":19,"column":72}}}},"branchMap":{},"s":{"0":2,"1":2,"2":2,"3":2,"4":2,"5":17,"6":7,"7":8,"8":6,"9":6,"10":3,"11":2,"12":10,"13":7,"14":10},"f":{"0":15,"1":5,"2":6,"3":4,"4":4,"5":1,"6":8,"7":5,"8":8},"b":{}}
,"/Users/alejandrobean/Documents/vidchain-login-provider/src/did-auth/src/util/Util.ts": {"path":"/Users/alejandrobean/Documents/vidchain-login-provider/src/did-auth/src/util/Util.ts","statementMap":{"0":{"start":{"line":1,"column":0},"end":{"line":1,"column":36}},"1":{"start":{"line":2,"column":0},"end":{"line":2,"column":26}},"2":{"start":{"line":3,"column":0},"end":{"line":3,"column":32}},"3":{"start":{"line":4,"column":0},"end":{"line":4,"column":36}},"4":{"start":{"line":8,"column":2},"end":{"line":8,"column":18}},"5":{"start":{"line":69,"column":2},"end":{"line":69,"column":10}},"6":{"start":{"line":12,"column":2},"end":{"line":12,"column":53}},"7":{"start":{"line":16,"column":2},"end":{"line":16,"column":51}},"8":{"start":{"line":20,"column":2},"end":{"line":20,"column":38}},"9":{"start":{"line":71,"column":2},"end":{"line":71,"column":18}},"10":{"start":{"line":24,"column":2},"end":{"line":24,"column":35}},"11":{"start":{"line":28,"column":2},"end":{"line":28,"column":42}},"12":{"start":{"line":70,"column":2},"end":{"line":70,"column":15}},"13":{"start":{"line":31,"column":19},"end":{"line":33,"column":1}},"14":{"start":{"line":32,"column":2},"end":{"line":32,"column":74}},"15":{"start":{"line":35,"column":30},"end":{"line":37,"column":1}},"16":{"start":{"line":36,"column":2},"end":{"line":36,"column":44}},"17":{"start":{"line":73,"column":2},"end":{"line":73,"column":23}},"18":{"start":{"line":42,"column":13},"end":{"line":42,"column":32}},"19":{"start":{"line":43,"column":18},"end":{"line":43,"column":50}},"20":{"start":{"line":44,"column":19},"end":{"line":44,"column":38}},"21":{"start":{"line":45,"column":2},"end":{"line":48,"column":4}},"22":{"start":{"line":74,"column":2},"end":{"line":74,"column":27}},"23":{"start":{"line":56,"column":17},"end":{"line":60,"column":4}},"24":{"start":{"line":61,"column":2},"end":{"line":61,"column":19}},"25":{"start":{"line":62,"column":2},"end":{"line":62,"column":21}},"26":{"start":{"line":63,"column":2},"end":{"line":63,"column":20}},"27":{"start":{"line":64,"column":19},"end":{"line":64,"column":54}},"28":{"start":{"line":65,"column":2},"end":{"line":65,"column":18}},"29":{"start":{"line":72,"column":2},"end":{"line":72,"column":21}}},"fnMap":{"0":{"name":"getNonce","decl":{"start":{"line":7,"column":9},"end":{"line":7,"column":17}},"loc":{"start":{"line":7,"column":17},"end":{"line":9,"column":1}}},"1":{"name":"toHex","decl":{"start":{"line":11,"column":9},"end":{"line":11,"column":14}},"loc":{"start":{"line":11,"column":27},"end":{"line":13,"column":1}}},"2":{"name":"getEthWallet","decl":{"start":{"line":15,"column":9},"end":{"line":15,"column":21}},"loc":{"start":{"line":15,"column":34},"end":{"line":17,"column":1}}},"3":{"name":"getHexPrivateKey","decl":{"start":{"line":19,"column":9},"end":{"line":19,"column":25}},"loc":{"start":{"line":19,"column":38},"end":{"line":21,"column":1}}},"4":{"name":"getEthAddress","decl":{"start":{"line":23,"column":9},"end":{"line":23,"column":22}},"loc":{"start":{"line":23,"column":37},"end":{"line":25,"column":1}}},"5":{"name":"getDIDFromKey","decl":{"start":{"line":27,"column":9},"end":{"line":27,"column":22}},"loc":{"start":{"line":27,"column":37},"end":{"line":29,"column":1}}},"6":{"name":"(anonymous_7)","decl":{"start":{"line":31,"column":19},"end":{"line":31,"column":20}},"loc":{"start":{"line":31,"column":38},"end":{"line":33,"column":1}}},"7":{"name":"(anonymous_8)","decl":{"start":{"line":35,"column":30},"end":{"line":35,"column":31}},"loc":{"start":{"line":35,"column":75},"end":{"line":37,"column":1}}},"8":{"name":"getECKeyfromHexPrivateKey","decl":{"start":{"line":39,"column":9},"end":{"line":39,"column":34}},"loc":{"start":{"line":40,"column":23},"end":{"line":49,"column":1}}},"9":{"name":"doPostCallWithToken","decl":{"start":{"line":51,"column":15},"end":{"line":51,"column":34}},"loc":{"start":{"line":54,"column":15},"end":{"line":66,"column":1}}}},"branchMap":{},"s":{"0":2,"1":2,"2":2,"3":2,"4":12,"5":2,"6":13,"7":13,"8":8,"9":2,"10":5,"11":5,"12":2,"13":2,"14":5,"15":2,"16":5,"17":2,"18":10,"19":10,"20":10,"21":10,"22":2,"23":8,"24":8,"25":8,"26":8,"27":8,"28":7,"29":2},"f":{"0":12,"1":13,"2":13,"3":8,"4":5,"5":5,"6":5,"7":5,"8":10,"9":8},"b":{}}
}
