TN:
SF:src/DIDAuth.ts
FN:5,(anonymous_0)
FN:9,(anonymous_1)
FN:13,(anonymous_2)
FN:18,(anonymous_3)
FN:22,(anonymous_4)
FN:26,(anonymous_5)
FNF:6
FNH:6
FNDA:2,(anonymous_0)
FNDA:2,(anonymous_1)
FNDA:2,(anonymous_2)
FNDA:2,(anonymous_3)
FNDA:2,(anonymous_4)
FNDA:2,(anonymous_5)
DA:5,2
DA:6,2
DA:9,2
DA:10,2
DA:13,2
DA:14,2
DA:15,2
DA:18,2
DA:19,2
DA:22,2
DA:23,2
DA:26,2
DA:27,2
DA:30,2
LF:14
LH:14
BRDA:5,0,0,2
BRDA:5,0,1,2
BRDA:9,1,0,2
BRDA:9,1,1,2
BRDA:13,2,0,2
BRDA:13,2,1,2
BRDA:18,3,0,2
BRDA:18,3,1,2
BRDA:22,4,0,2
BRDA:22,4,1,2
BRDA:26,5,0,2
BRDA:26,5,1,2
BRF:12
BRH:12
end_of_record
TN:
SF:src/EBSIDIDAuth.ts
FN:36,(anonymous_1)
FN:53,(anonymous_2)
FN:82,(anonymous_3)
FN:107,(anonymous_4)
FN:136,(anonymous_5)
FN:162,(anonymous_6)
FN:175,(anonymous_7)
FN:187,(anonymous_8)
FN:211,(anonymous_9)
FN:238,(anonymous_10)
FN:249,(anonymous_11)
FN:263,(anonymous_12)
FNF:12
FNH:12
FNDA:3,(anonymous_1)
FNDA:7,(anonymous_2)
FNDA:5,(anonymous_3)
FNDA:6,(anonymous_4)
FNDA:4,(anonymous_5)
FNDA:4,(anonymous_6)
FNDA:5,(anonymous_7)
FNDA:5,(anonymous_8)
FNDA:4,(anonymous_9)
FNDA:10,(anonymous_10)
FNDA:5,(anonymous_11)
FNDA:5,(anonymous_12)
DA:1,2
DA:2,2
DA:3,2
DA:4,2
DA:18,2
DA:19,2
DA:29,2
DA:31,2
DA:39,3
DA:40,2
DA:41,1
DA:44,1
DA:46,1
DA:56,7
DA:57,1
DA:58,6
DA:59,1
DA:60,5
DA:61,1
DA:63,4
DA:66,4
DA:68,4
DA:73,3
DA:88,5
DA:97,3
DA:98,2
DA:99,1
DA:100,1
DA:110,6
DA:117,1
DA:119,5
DA:123,5
DA:128,5
DA:142,4
DA:145,4
DA:146,4
DA:147,3
DA:148,1
DA:150,2
DA:153,2
DA:154,2
DA:155,1
DA:157,1
DA:165,4
DA:166,4
DA:178,5
DA:193,5
DA:198,5
DA:208,5
DA:216,4
DA:217,4
DA:223,4
DA:224,4
DA:225,4
DA:226,4
DA:233,1
DA:235,3
DA:239,10
DA:240,10
DA:250,5
DA:251,5
DA:257,5
DA:260,5
DA:264,5
DA:265,5
DA:266,4
DA:267,2
DA:268,1
DA:269,1
LF:69
LH:69
BRDA:39,0,0,2
BRDA:39,0,1,1
BRDA:39,1,0,3
BRDA:39,1,1,2
BRDA:56,2,0,1
BRDA:56,2,1,6
BRDA:56,3,0,7
BRDA:56,3,1,7
BRDA:58,4,0,1
BRDA:58,4,1,5
BRDA:60,5,0,1
BRDA:60,5,1,4
BRDA:98,6,0,1
BRDA:98,6,1,1
BRDA:98,7,0,2
BRDA:98,7,1,1
BRDA:110,8,0,1
BRDA:110,8,1,5
BRDA:111,9,0,6
BRDA:111,9,1,6
BRDA:111,9,2,5
BRDA:111,9,3,5
BRDA:111,9,4,5
BRDA:147,10,0,1
BRDA:147,10,1,2
BRDA:147,11,0,3
BRDA:147,11,1,3
BRDA:147,11,2,3
BRDA:154,12,0,1
BRDA:154,12,1,1
BRDA:226,13,0,1
BRDA:226,13,1,3
BRDA:227,14,0,4
BRDA:227,14,1,4
BRDA:227,14,2,4
BRDA:227,14,3,3
BRDA:227,14,4,3
BRDA:265,15,0,1
BRDA:265,15,1,4
BRDA:266,16,0,2
BRDA:266,16,1,2
BRDA:267,17,0,1
BRDA:267,17,1,1
BRF:43
BRH:43
end_of_record
TN:
SF:src/Errors.ts
FN:1,(anonymous_0)
FNF:1
FNH:1
FNDA:2,(anonymous_0)
DA:1,2
DA:2,2
DA:3,2
DA:4,2
DA:5,2
DA:6,2
DA:7,2
DA:8,2
DA:9,2
DA:10,2
DA:11,2
DA:14,2
LF:12
LH:12
BRDA:1,0,0,2
BRDA:1,0,1,2
BRF:2
BRH:2
end_of_record
TN:
SF:src/index.ts
FN:9,(anonymous_1)
FN:10,(anonymous_2)
FN:11,(anonymous_3)
FN:12,(anonymous_4)
FN:13,(anonymous_5)
FN:14,(anonymous_6)
FN:19,(anonymous_7)
FN:19,(anonymous_8)
FN:19,(anonymous_9)
FNF:9
FNH:9
FNDA:15,(anonymous_1)
FNDA:5,(anonymous_2)
FNDA:6,(anonymous_3)
FNDA:4,(anonymous_4)
FNDA:4,(anonymous_5)
FNDA:1,(anonymous_6)
FNDA:8,(anonymous_7)
FNDA:5,(anonymous_8)
FNDA:8,(anonymous_9)
DA:1,2
DA:2,2
DA:4,2
DA:9,17
DA:10,7
DA:11,8
DA:12,6
DA:13,6
DA:14,3
DA:19,10
DA:21,2
LF:11
LH:11
BRF:0
BRH:0
end_of_record
TN:
SF:src/util/Util.ts
FN:7,getNonce
FN:11,toHex
FN:15,getEthWallet
FN:19,getHexPrivateKey
FN:23,getEthAddress
FN:27,getDIDFromKey
FN:31,(anonymous_7)
FN:35,(anonymous_8)
FN:39,getECKeyfromHexPrivateKey
FN:51,doPostCallWithToken
FNF:10
FNH:10
FNDA:12,getNonce
FNDA:13,toHex
FNDA:13,getEthWallet
FNDA:8,getHexPrivateKey
FNDA:5,getEthAddress
FNDA:5,getDIDFromKey
FNDA:5,(anonymous_7)
FNDA:5,(anonymous_8)
FNDA:10,getECKeyfromHexPrivateKey
FNDA:8,doPostCallWithToken
DA:1,2
DA:2,2
DA:3,2
DA:4,2
DA:8,12
DA:12,13
DA:16,13
DA:20,8
DA:24,5
DA:28,5
DA:31,2
DA:32,5
DA:35,2
DA:36,5
DA:42,10
DA:43,10
DA:44,10
DA:45,10
DA:56,8
DA:61,8
DA:62,8
DA:63,8
DA:64,8
DA:65,7
DA:69,2
DA:70,2
DA:71,2
DA:72,2
DA:73,2
DA:74,2
LF:30
LH:30
BRF:0
BRH:0
end_of_record
